Arguments: 
  C:\Program Files\nodejs\node.exe C:\Users\A\AppData\Roaming\npm\node_modules\yarn\bin\yarn.js

PATH: 
  C:\Program Files (x86)\Common Files\Oracle\Java\javapath;C:\Windows\system32;C:\Windows;C:\Windows\System32\Wbem;C:\Windows\System32\WindowsPowerShell\v1.0\;C:\Windows\System32\OpenSSH\;C:\Program Files\Git\cmd;C:\Users\A\AppData\Roaming\nvm;C:\Program Files\nodejs;C:\ProgramData\chocolatey\bin;C:\Program Files\OpenJDK\jdk-13.0.2\bin;C:\Program Files\Go\bin;C:\Users\A\AppData\Local\Microsoft\WindowsApps;C:\Users\A\AppData\Roaming\npm;C:\Users\A\AppData\Roaming\nvm;C:\Program Files\nodejs;C:\Users\A\AppData\Local\Android\Sdk\platform-tools;C:\Users\A\AppData\Local\Programs\Microsoft VS Code\bin;C:\Users\A\go\bin

Yarn version: 
  1.22.19

Node version: 
  14.17.3

Platform: 
  win32 x64

Trace: 
  SyntaxError: D:\project\vinod\resume-api\package.json: Unexpected string in JSON at position 298
      at JSON.parse (<anonymous>)
      at C:\Users\A\AppData\Roaming\npm\node_modules\yarn\lib\cli.js:1629:59
      at Generator.next (<anonymous>)
      at step (C:\Users\A\AppData\Roaming\npm\node_modules\yarn\lib\cli.js:310:30)
      at C:\Users\A\AppData\Roaming\npm\node_modules\yarn\lib\cli.js:321:13

npm manifest: 
  {
      "name": "testing",
      "version": "0.0.0",
      "description": "Repository for testing",
      "private": true,
      "repository": "",
      "engines": {
          "node": ">= 10.0.0",
          "yarn": ">= 1.12.3"
      },
      "scripts": {       
          "start:api": "nodemon src/api/index.js"
          "test": "mocha src/api/test/test.js --timeout 100000"
      },
      "lint-staged": {
          "src/**/*.{js,json}": [
              "eslint --fix",
              "prettier --write",
              "git add"
          ]
      },
      "dependencies": {
          "@sendgrid/mail": "^6.5.0",
          "agenda": "^3.1.0",
          "async": "^3.1.0",
          "aws-sdk": "^2.618.0",
          "bcrypt": "^4.0.1",
          "body-parser": "^1.19.0",
          "compare-versions": "^3.6.0",
          "compression": "^1.7.4",
          "connect-flash": "^0.1.1",
          "connect-mongo": "^3.0.0",
          "cookie-parser": "^1.4.4",
          "cors": "^2.8.5",
          "custom-env": "^1.0.2",
          "dotenv": "^8.1.0",
          "ejs-locals": "^1.0.2",
          "email-templates": "^7.0.2",
          "express": "~4.16.1",
          "express-async-errors": "^3.1.1",
          "express-fileupload": "^1.1.7-alpha.3",
          "express-mung": "^0.5.1",
          "express-session": "^1.17.0",
          "fcm-node": "^1.5.2",
          "helmet": "^4.1.0",
          "joi": "^14.3.1",
          "joi-i18n": "^13.1.3",
          "jsonwebtoken": "^8.5.1",
          "lodash": "^4.17.15",
          "moment": "^2.29.1",
          "mongoose": "^5.7.1",
          "mongoose-sequence": "^5.3.0",
          "multiparty": "^4.2.2",
          "nodemon": "^2.0.4",
          "passport": "^0.4.1",
          "passport-twitter-token": "^1.3.0",
          "randomstring": "^1.1.5",
          "redis": "^3.0.2",
          "request": "^2.88.2",
          "saslprep": "^1.0.3",
          "serverless-http": "^2.7.0",
          "socket.io": "2.2.0",
          "stripe": "^8.129.0",
          "swagger-ui-express": "^4.1.4",
          "twilio": "^3.19.2",
          "uuid": "^8.1.0",
          "yamljs": "^0.3.0"
      },
      "devDependencies": {
          "@types/node": "^12.7.5",
          "eslint": "^5.16.0",
          "lint-staged": "^9.3.0",
          "morgan": "^1.9.1",
          "prettier": "^1.18.2",
          "chai": "^4.2.0",
          "chai-http": "^4.3.0",
          "mocha": "^8.2.1"
      }
  }

yarn manifest: 
  No manifest

Lockfile: 
  No lockfile
